2025-08-29T02:34:51 | touched: README.md
2025-06-03T11:24:55 | touched: scripts/deploy.js
2025-11-13T08:44:10 | touched: LICENSE
2025-07-21T22:37:49 | touched: hardhat.config.js
2025-11-11T05:58:52 | touched: package.json
2025-08-30T00:35:04 | touched: LICENSE
2025-04-18T08:45:19 | touched: .env.example
2025-08-10T13:13:34 | touched: package.json
2025-01-29T11:36:20 | touched: package.json
2025-04-13T21:08:30 | touched: hardhat.config.js
2025-04-25T04:25:01 | touched: scripts/deploy.js
2025-11-01T00:15:44 | touched: contracts/Chainlinkoracle.sol
2025-06-01T14:26:32 | touched: README.md
2025-12-18T23:44:22 | touched: test/Chainlinkoracle.test.js
2025-08-21T15:44:08 | touched: scripts/deploy.js
2025-06-04T15:23:28 | touched: test/Chainlinkoracle.test.js
2025-11-29T02:01:46 | touched: LICENSE
2025-08-23T20:56:42 | touched: scripts/deploy.js
2025-01-21T13:44:08 | touched: contracts/Chainlinkoracle.sol
2025-11-11T11:13:16 | touched: LICENSE
2025-07-19T23:21:28 | touched: .env.example
2025-07-25T01:02:50 | touched: README.md
2025-01-27T20:42:22 | touched: README.md
2025-12-17T06:04:09 | touched: package.json
2025-11-15T19:00:06 | touched: contracts/Chainlinkoracle.sol
2025-03-08T06:04:02 | touched: scripts/deploy.js
2025-10-12T07:17:37 | touched: LICENSE
2025-09-27T03:56:01 | touched: hardhat.config.js
2025-04-25T12:51:24 | touched: hardhat.config.js
2025-09-03T05:38:22 | touched: README.md
2025-08-14T17:40:42 | touched: contracts/Chainlinkoracle.sol
